
> oses-sizing@0.1.0 build
> next build

ÔÜá Warning: Next.js inferred your workspace root, but it may not be correct.
 We detected multiple lockfiles and selected the directory of C:\Users\rtorn\package-lock.json as the root directory.
 To silence this warning, set `turbopack.root` in your Next.js config, or consider removing one of the lockfiles if it's not needed.
   See https://nextjs.org/docs/app/api-reference/config/next-config-js/turbopack#root-directory for more information.
 Detected additional lockfiles: 
   * C:\Users\rtorn\oses-sizing\package-lock.json

Ôû▓ Next.js 16.1.6 (Turbopack)

  Creating an optimized production build ...
Error: Cannot apply unknown utility class `glass`
    [at onInvalidCandidate (C:\Users\rtorn\oses-sizing\node_modules\tailwindcss\dist\lib.js:21:1511)]
    [at Ee (C:\Users\rtorn\oses-sizing\node_modules\tailwindcss\dist\lib.js:16:36740)]
    [at C:\Users\rtorn\oses-sizing\node_modules\tailwindcss\dist\lib.js:21:355]
    [at Pr (C:\Users\rtorn\oses-sizing\node_modules\tailwindcss\dist\lib.js:3:1733)]
    [at _ (C:\Users\rtorn\oses-sizing\node_modules\tailwindcss\dist\lib.js:3:1377)]
    [at Te (C:\Users\rtorn\oses-sizing\node_modules\tailwindcss\dist\lib.js:21:172)]
    [at pn (C:\Users\rtorn\oses-sizing\node_modules\tailwindcss\dist\lib.js:38:294)]
    [at async dn (C:\Users\rtorn\oses-sizing\node_modules\tailwindcss\dist\lib.js:38:631)]
    [at async Xr (C:\Users\rtorn\oses-sizing\node_modules\@tailwindcss\node\dist\index.js:10:3417)]
    [at async N (C:\Users\rtorn\oses-sizing\node_modules\@tailwindcss\postcss\dist\index.js:10:3979)]

> Build error occurred
Error: Turbopack build failed with 1 errors:
./oses-sizing/src/app/globals.css
Error evaluating Node.js code
CssSyntaxError: tailwindcss: C:\Users\rtorn\oses-sizing\src\app\globals.css:1:1: Cannot apply unknown utility class `glass`
    at Input.error (oses-sizing/node_modules/postcss/lib/input.js:135:16) [C:\Users\rtorn\oses-sizing\.next\build\chunks\ecd3a_d60eed07._.js:4651:22]
    at Root.error (oses-sizing/node_modules/postcss/lib/node.js:146:32) [C:\Users\rtorn\oses-sizing\.next\build\chunks\ecd3a_d60eed07._.js:928:38]
    [at Object.Once (C:\Users\rtorn\oses-sizing\node_modules\@tailwindcss\postcss\dist\index.js:10:6913)]
    at async LazyResult.runAsync (oses-sizing/node_modules/postcss/lib/lazy-result.js:293:11) [C:\Users\rtorn\oses-sizing\.next\build\chunks\ecd3a_d60eed07._.js:6214:21]
    at async transform (turbopack:///[turbopack-node]/transforms/postcss.ts:70:34) [C:\Users\rtorn\oses-sizing\.next\build\chunks\[root-of-the-server]__f097c7a8._.js:146:36]
    at async run (turbopack:///[turbopack-node]/ipc/evaluate.ts:92:23) [C:\Users\rtorn\oses-sizing\.next\build\chunks\[root-of-the-server]__10755021._.js:443:31]

Import trace:
  Client Component Browser:
    ./oses-sizing/src/app/globals.css [Client Component Browser]
    ./oses-sizing/src/app/layout.tsx [Server Component]


    at async transform (turbopack:///[turbopack-node]/transforms/postcss.ts:70:34) [C:\Users\rtorn\oses-sizing\.next\build\chunks\[root-of-the-server]__f097c7a8._.js:146:36])
    at async run (turbopack:///[turbopack-node]/ipc/evaluate.ts:92:23) [C:\Users\rtorn\oses-sizing\.next\build\chunks\[root-of-the-server]__10755021._.js:443:31])
